------------------------------------------------------------------------
r338 | foster | 2010-05-27 21:32:01 -0600 (Thu, 27 May 2010) | 1 line

Calculate TEC in elden.F and save to secondary histories as TEC, which is included in SECFLDS of the default namelist
------------------------------------------------------------------------
r337 | foster | 2010-05-27 20:49:06 -0600 (Thu, 27 May 2010) | 1 line

update doc/svn.log and doc/Release_Notes
------------------------------------------------------------------------
r336 | foster | 2010-05-27 11:46:11 -0600 (Thu, 27 May 2010) | 10 lines

Completely remove DIFHOR from namelist (input.F). Now setting integer
parameter difhor=1 in cons.F. This is use-assoc by comp.F and minor.F.
Now, if the user has DIFHOR in the namelist input file, the model
will not recognize it and will stop with an input error. If a model
developer wants to change the flag, they can change it in cons.F and 
recompile.

Changed default nproc for 64-bit Linux MPI runs from 4 to 8.


------------------------------------------------------------------------
r335 | foster | 2010-05-26 21:43:33 -0600 (Wed, 26 May 2010) | 13 lines

- Set tgcm_version = tiegcm1.93 (params.F)
- Some changes to saber_tidi.F re missing data and shutdown
- Fixing problem w/ rmins at year-end (mtimeinit, h%modeltime) (nchist.F)
- Add academic license text at top of lbc.F

Add doc/ subdir to repository.  Currently contains Release_Notes,
svn.log, and README (linked from main dir).

Minor changes to job scripts for v1.93. 
Default SOURCE file is $TGCMDATA/TGCM.tiegcm1.93.pcntr_eqnx_smin.nc

Working to release tiegcm1.93 soon.

------------------------------------------------------------------------
r332 | foster | 2010-05-18 14:26:59 -0600 (Tue, 18 May 2010) | 4 lines

5/18/10:
Add ntask_mpi to history files. This is number of MPI tasks used when
history was written. Changes to nchist.F, output.F, and hist.F.

------------------------------------------------------------------------
r331 | foster | 2010-05-18 13:22:02 -0600 (Tue, 18 May 2010) | 11 lines

Add Liying's DOY-dependent eddy diffusion. New namelist read parameter
EDDY_DIF is 0 or 1 flag for whether or not to use the DOY-dependent diffusion.
difk, dift, and xmue are now dimensioned (nlev+1,366).  Current default
is EDDY_DIF=0.  Changes to cons.F, comp.F, dt.F, duv.F, minor.F, input.F. 

Deprecating DIFHOR as a namelist input parameter. It is forced to be
on (i.e., difhor=1). If the user sets difhor <= 0, the model will stop
w/ error. See input.F. Later versions will eliminate the flag entirely.

Set tgcm_version = 'tiegcm_trunk' in params.F.

------------------------------------------------------------------------
r330 | foster | 2010-05-07 13:23:44 -0600 (Fri, 07 May 2010) | 3 lines

Minor changes to scripts/tiegcm-ibm.job to accomodate mpi=FALSE under AIX.


------------------------------------------------------------------------
r329 | foster | 2010-05-07 11:33:02 -0600 (Fri, 07 May 2010) | 8 lines

When building under AIX with mpi=FALSE (compiler is xlf90 rather than 
mpxlf_r), the xlf90 compiler does not accept mod(iyyyy,4), where iyyyy 
is an 8-byte integer, and the constant is 4-byte (see imf.F).  To fix 
this, a new local 4-byte integer iyyyy4 is delcared (sub getimf, imf.F), 
which is then used in the mod function call.  This was not necessary 
under mpxlf_r.


------------------------------------------------------------------------
r328 | foster | 2010-05-07 10:50:26 -0600 (Fri, 07 May 2010) | 12 lines

- Add extra day for end of a leap year. To run to end of the year:
  For non-leap years, run to 366,0,0. This will be written to output as 1,0,0,
    and year is incremented.
  For leap years, run to 367,0,0. This will be written to output as 1,0,0,
    and year is incremented.

- Add env vars to tiegcm-linux.job to set up MPI for PGI compiler pgf90.
  (as in ~foster/.cshrc).

- Move README from src dir to model dir (e.g., tiegcm/trunk/README)


------------------------------------------------------------------------
r324 | foster | 2010-05-04 18:11:56 -0600 (Tue, 04 May 2010) | 19 lines

mpi.F: update send and receive for fields emphi3d,emlam3d,emz3d
   to include the top 3 levels since nmlev = nlev+3

Bug fixes as per Astrid:
1. dynamo.F subroutine threed: the E_lam wasn't mapped in the horizontal
   plane which gave wrong results close to the geomagnetic equator at
   higher pressure levels (therefore EXB drift was also wrong)
2. efield.F in the mapping from magnetic to geographic grid real values
   are put into integer w/o explicit conversion from real to integer.
   This led to wrong mapping on HAO machine arc.

- Add -qfixed to FFLAGS when using xlf90 (i.e., compiling without MPI).
  See AIX section of scripts/Makefile.
- Add implicit none to sub set_dynpot in rdsource.F. 

- Add ability to specify 4-byte floats or 8-byte doubles for 4d fields
  on secondary histories. New namelist SECH_NBYTE = 4 or 8


------------------------------------------------------------------------
r306 | foster | 2010-03-30 14:01:58 -0600 (Tue, 30 Mar 2010) | 17 lines

am 3/11/10
  mpi.F: update send and receive for fields emphi3d,emlam3d,emz3d
     to include the top 3 levels since nmlev = nlev+3
     subroutines mp_updateemphi, mp_updateemlam, mp_updateemz
  efield.F: update addfld call for EMX,EMY,EMZ to put into the right
  height levels (4,nmlevp1). The bottom levels are not used in the
  geographic framework. 

3/24/10:
Bug fixes as per Astrid:
1. dynamo.F subroutine threed: the E_lam wasn't mapped in the horizontal
   plane which gave wrong results close to the geomagnetic equator at
   higher pressure levels (therefore EXB drift was also wrong)
2. efield.F in the mapping from magnetic to geographic grid real values
   are put into integer w/o explicit conversion from real to integer.
   This led to wrong mapping on HAO machine arc.

------------------------------------------------------------------------
r298 | foster | 2010-02-11 09:08:38 -0700 (Thu, 11 Feb 2010) | 1 line

Barb's fix to wei01gcm.F, see README
------------------------------------------------------------------------
r296 | foster | 2010-02-04 12:59:47 -0700 (Thu, 04 Feb 2010) | 1 line

Update IGRF coefficients with IGRF11 (apex_subs.F)
------------------------------------------------------------------------
r295 | foster | 2010-02-03 14:52:40 -0700 (Wed, 03 Feb 2010) | 1 line

Minor fix in sub inp_solar (input.F)
------------------------------------------------------------------------
r294 | foster | 2010-02-03 14:06:21 -0700 (Wed, 03 Feb 2010) | 1 line

Update README
------------------------------------------------------------------------
r293 | foster | 2010-02-03 14:00:30 -0700 (Wed, 03 Feb 2010) | 8 lines

Add Kp to namelist read. If kp is specified, it will be used to 
  calculate hpower and/or ctpoten (see functions hp_from_kp and 
  ctpoten_from_kp in util.F). For now, KP cannot be specified in
  a gpi or weimer potential run.
Added commented KP and explanation in default namelist input
  file (scripts/Mknamelist)
Added prints of time-dependent ctpoten,power,etc in input.F.

------------------------------------------------------------------------
r292 | foster | 2010-02-03 12:04:59 -0700 (Wed, 03 Feb 2010) | 5 lines

Merged mods for saber/tidi lower boundary option. Several files
  modified, and addition of new source file saber_tidi.F.
Added commented saber/tidi ncfiles to default input file (scripts/Mknamelist)
Will commit this before merging mods to add Kp to namelist read.

------------------------------------------------------------------------
r291 | foster | 2010-02-03 09:35:21 -0700 (Wed, 03 Feb 2010) | 6 lines

Use collective mpi_bcast in sub mp_updatephi (mpi.F)
Fix minor bug in sub calczg (addiag.F)
Insure write of new history format (h%tuv_lbc_intop=0 in output.F)
Next will merge saber/tidi lbc, and Kp namelist read mods


------------------------------------------------------------------------
r288 | foster | 2010-01-05 11:34:04 -0700 (Tue, 05 Jan 2010) | 5 lines

Use collective mpi_bcast in sub mp_updatephi (mpi.F), instead of 
point-to-point.  This resulted in a modest performance improvement 
(apparently not as much as in timegcm).  Confirmed that results are 
identical.

------------------------------------------------------------------------
r287 | foster | 2009-12-23 14:58:23 -0700 (Wed, 23 Dec 2009) | 11 lines

- New lower boundary scheme. New module lbc.F replaces bndry.F
- New sub sunloc_apex
- Increase night time electron densities in qinite.F
- Bugfix in sub interpol_quad, wei05sc.F
- Routines added to wei05sc.F to get around non-ANSI trig functions
- In wei05sc.F and wei01sc.F: replace PAUSE statement with call shutdown.
- Use-associate nlonp1 rather than nlonp4 in sub set_dynpot, rdsource.F
- Add ntrigs argument to FFT99B call from sub FFT99, fft9.F
- magpres_g: add save attribute to allocatables je1oD_geo and je2oD_geo
See README for more details.

------------------------------------------------------------------------
r286 | foster | 2009-12-23 10:26:41 -0700 (Wed, 23 Dec 2009) | 7 lines

12/23/09:
Added in wei05sc.F:
CNCAR      Routines added to work around non-ANSI trig functions which
C          input degrees instead of radians:  SIND, COSD, ASIND, ATAN2D
In wei05sc.F and wei01sc.F: replace PAUSE statement with call shutdown.
magpres_g: add save attribute to allocatables je1oD_geo and je2oD_geo

------------------------------------------------------------------------
r242 | foster | 2009-10-09 12:34:19 -0600 (Fri, 09 Oct 2009) | 4 lines

Fix two bugs, pointed out by John Ritterer:
- Use-associate nlonp1 rather than nlonp4 in sub set_dynpot, rdsource.F
- Add ntrigs argument to FFT99B call from sub FFT99, fft9.F

------------------------------------------------------------------------
r185 | foster | 2009-10-05 10:37:55 -0600 (Mon, 05 Oct 2009) | 5 lines

10/5/09:
- Fix Mknamelist to make tiegcm compatable input file for generic "TGCM" model.
- Update version flags from tiegcm1.91 to tiegcm1.92. See scripts/*.job, and
  src/params.F.

------------------------------------------------------------------------
r174 | foster | 2009-09-16 11:50:43 -0600 (Wed, 16 Sep 2009) | 1 line

Add 64-bit Linux with MPI, see Makefile and tgcm_config
------------------------------------------------------------------------
r163 | foster | 2009-08-27 11:37:17 -0600 (Thu, 27 Aug 2009) | 8 lines

Change the flux in qinite.F
  from:
        real,parameter :: al(3) = (/5.E4, 5.E3, 5.E3/)
  to:
        real,parameter :: al(3)=(/0.75E7,0.75E6,0.75E6/)
(this was in v1.9, but left out of v1.91 and 1.92)
Still no minimum electron density in elden.F

------------------------------------------------------------------------
r114 | foster | 2009-02-23 15:10:19 -0700 (Mon, 23 Feb 2009) | 10 lines

Release of tiegcm1.92 (cvs tag tiegcm1-92), February 23, 2009.
 -- Addition of CISM pre-processor macros (#ifdef) in source for cism coupling.
    Changes to advance.F, aurora.F, dynamo.F, tgcm.F
 -- Three new source files: cism_adhoc.F, cism_coupling.F, cism_intercomm.F
 -- Added COUPLING=NO and COUPLING conditionals in scripts/Makefile,
    for standalone tiegcm (i.e., CISM coupling macros are not defined during build)
 -- CISM mods were taken from revision 783 of the LTR-para repository.
 -- Restore correct version of qrj.F from tiegcm1.9 (an old version was
    inadvertantly included in tiegcm1.91)

------------------------------------------------------------------------
r113 | foster | 2009-02-18 15:20:35 -0700 (Wed, 18 Feb 2009) | 2 lines

An old version of qrj.F was inadvertently used in tiegcm1.91 -- replace with updated version (which was used in tiegcm1.9), as per Liying

------------------------------------------------------------------------
r111 | foster | 2008-12-10 13:50:03 -0700 (Wed, 10 Dec 2008) | 2 lines

Update set model to tiegcm1.91 in job scripts

------------------------------------------------------------------------
r110 | foster | 2008-12-10 13:32:30 -0700 (Wed, 10 Dec 2008) | 2 lines

Update README with tiegcm1.91 commit

------------------------------------------------------------------------
r109 | foster | 2008-12-10 13:27:17 -0700 (Wed, 10 Dec 2008) | 14 lines

Release of tiegcm1.91 (cvs tag tiegcm1-91), December 10, 2008.
 - New aurora.F with dawn/dusk asymmetry, eflux2d, rote, roth, BY effect, comments, etc.
 - Enable BY effect in Heelis run from namelist input file (aurora.F)
 - New sub wei05loc in wei05sc.F to position aurora wrt Weimer05 convection.
 - Correct inconsistency in calculation of J_e2 (dynamo.F and current.F)
 - Revised gswm nf_get_var_double calls for intel ifort compiler (gswm.F)
 - Improve error message when missing IMF data encountered (function ismissing in imf.F)
 - Correct copy of source history structure to output (sub copyhist in hist.F, output.F)
 - Enable writing model day 366 as calendar day 1 (nchist.F) for smooth year-boundary transition
 - Correction to ZMBOT,ZMTOP in defs.h template
 - Insure non-negative N2 at interfaces (qinit.F and qrj.F)
 - Increase max number of time-dependent namelist read parameters from 100 to 500 (params.F)
 - Add processor binding in scripts/tiegcm-ibm.job, and 64K page sizes in Makefile template.

------------------------------------------------------------------------
r108 | foster | 2008-06-25 15:41:19 -0600 (Wed, 25 Jun 2008) | 2 lines

Add URL of online license file to tiegcmlicense.txt

------------------------------------------------------------------------
r107 | foster | 2008-06-25 15:37:05 -0600 (Wed, 25 Jun 2008) | 2 lines

Add Dan Weimer email address to tiegcmlicense.txt

------------------------------------------------------------------------
r105 | foster | 2008-06-20 08:59:32 -0600 (Fri, 20 Jun 2008) | 51 lines

Release of tiegcm1.9 (cvs tag tiegcm1-9), June 19, 2008.
(Principal changes from tiegcm1.8 release of Jan 10, 2006)
(Note tags 1-81, 1-82, 1-83 and 1-84 were saved between 1.8 and 1.9)
-
- New CF-compliant history files have separate vertical
  coordinate arrays for midpoints (lev), and interfaces (ilev).
- Module addfld replaces addfsech and related routines
  as a single-interface to saving fields on secondary histories.
- Default resolution is 5 deg, dlev=0.5. Code builds at
  2.5 deg and dlev=0.25, but has not been extensively
  tuned or tested at double resolution (may require step < 120)
- Add section in Makefile for use of ifort compiler by DASG machines.
  Also some simplification of scripts/Makefile template.
- Simplification of electric field calculation.
- Remove minimum electron density restriction in elden.F and
  increase nighttime flux in qinite.F
- Remove annual tide option (was bndry_annual in bndry.F)
- Remove dynamo=0 option (remove source nodynamo.F)
- Fixed bug in sub mp_gather2root_sechist (mpi.F)
- Replace hardwired joule heating multiplication factor
  of 1.5 with named parameter joulefac in duv.F (Value of 1.5
  was not changed)
- Effective electron-neutral collision frequency rnu_ne is
  increased by a factor of 4 in lamdas.F
- Improved filtering mechanism, similiar to timegcm, also some
  changes to allow better filtering for 2.5 deg model.
- Add $lib_netcdf and $inc_netcdf shell vars in job scripts
  (they are passed to tgcm_config)
- Significant changes to the auroral parameterization,
  including new empirical relationship between GPI Kp
  data and hpower and ctpoten. Also positioning of the
  oval wrt Weimer high latitude convection. Several parameters
  re the precipitation oval in aurora.F were also changed.
- New potential model option uses Dan Weimer 2005 model.
  (namelist read POTENTIAL_MODEL='WEIMER05').
- New option to import IMF data from NASA/OMNI, to drive
  Weimer05 potential model (namelist read IMF_NCFILE).
- More work is necessary to align the auroral oval with the
  Weimer05 convection, especially during intense solar activity
  via IMF data option.
- Note Weimer 2005 model with IMF data is released provisionally
  in tiegcm1.9. POTENTIAL_MODEL='HEELIS' is still the default.
- Flexibility for the user in either providing constants or time
  dependent values for certain solar-related input parameters via
  namelist read, or reading data from external data files (GPI or
  IMF).  These input parameters include ctpoten,hpower,bximf,byimf,
  bzimf,swden,swvel,f107d,f107a
- Add license agreement file tiegcmlicense.txt in source
  code directory, and add reference to this file at top of
  all source files.

------------------------------------------------------------------------
r103 | foster | 2008-06-13 16:43:58 -0600 (Fri, 13 Jun 2008) | 31 lines

CVS tag tiegcm1-84: Changes from tiegcm1-83 to 1-84 (4/25/08 to 6/13/08):
  - tiegcm1-84 is a test version prior to release of tiegcm1.9.
  - Note several commits were made w/o saving tags between tiegcm1-83 and tiegcm1-84.
  - Internal release tiegcm_imf is similiar to 1-84 before removal of dynamo=0,
    mag and magvol namelist options, and minor scripts changes.
New options:
  - Addition of imf_ncfile namelist option to read NASA/OMNI IMF data from
    tiegcm netcdf import file (see hao:/home/tgcm/mkimf). The data drives the
    Weimer05 potential model.  Imf_ncfile setting can be used only with
    potential_model = "WEIMER01" or "WEIMER05".
  - New source file imf.F is module to read IMF data.
  - Runs can now be Heelis potential model optionally with gpi data file, or
    Weimer potential model (01 or 05) optionally with imf data file.
Bugfixes:
  - Fixed sub mp_gather2root_sechist (mpi.F) to properly reference sndbuf and
    rcvbuf (this bug did not express itself in tiegcm, but was occaisionally
    deadlocking in timegcm)
Other source code changes:
  - Added local parameter joulefac=1.5 in dt.F, to replace the hardwired 1.5 constant.
  - Removed mag(2,2) namelist parameter (location of mag poles)
  - Removed magvol namelist parameter, and read of magvol file (removed related
    subs from magfield.F)
  - Removed DYNAMO=0 option. Removed source file nodynamo.F.
  - Removed annual tide option (namelist TIDEANN), and related source code
Changes to scripts:
  - Added $lib_netcdf and $inc_netcdf to job scripts (passed to tgcm_config)
  - Several changes to default namelist read file generated by Mknamelist.
Other comments:
  - This code builds on gale.scd.ucar.edu with ifort, but fails on execution.
  - Code has passed preliminary testing on bluefire

------------------------------------------------------------------------
r102 | foster | 2008-05-28 15:33:13 -0600 (Wed, 28 May 2008) | 6 lines

- Fix bug in sub mp_gather2root_sechist (mpi.F) in which sndbuf and rcvbuf
  were being improperly defined. This bug became apparent in timegcm1-2dev7,
  but as far as I know has never been expressed in tiegcm.
- Minor changes to nchist.F
- Several minor changes to stdout print statements.

------------------------------------------------------------------------
r101 | foster | 2008-05-14 09:06:57 -0600 (Wed, 14 May 2008) | 6 lines

- bndry.F: Remove use-assoc of freq_ann from cons module.
- wei05sc.F: Call setmodel with angle,bt rather than by,bz,
  to correct sign for N,S hemispheres.
- wei05sc.F: Save local integer tablesize in function scplm
- Update README.

------------------------------------------------------------------------
r100 | foster | 2008-05-01 13:15:56 -0600 (Thu, 01 May 2008) | 10 lines

Mods to tiegcm1-83 (commit only, no new tag):
- Removed annual tides code (sub bndry_annual in bndry.F
  and related zba,tba,uba,vba,bnda, etc.)
- New constant zbound (cons.F) background lbc for Z,
  using same expression as former ZBA init:
  zbound = 136.291/sqrt(2.)*1.e5
- Retain TIDEANN in namelist input, but print warning
  and shutdown if TIDEANN > 0
- See README for additional minor changes

------------------------------------------------------------------------
r98 | foster | 2008-04-28 10:32:37 -0600 (Mon, 28 Apr 2008) | 2 lines

changed set model in job scripts from tiegcm1-82 to tiegcm1-83

------------------------------------------------------------------------
r97 | foster | 2008-04-28 10:24:54 -0600 (Mon, 28 Apr 2008) | 18 lines

Principle mods from tiegcm1-82 to 1-83 (2/1/08 to 4/25/08):
- Added $mss option to tgcm_config and job scripts.
- Added option for user to provide time-dependent byimf, bzimf, swden,
  swvel, and al in namelist read file (see byimf_time, etc in input.F).
- Introduced Weimer 2005 model (new source file wei05sc.F)
  Namelist read POTENTIAL_MODEL can now be HEELIS,WEIMER01 or WEIMER05
  Default potential_model is still HEELIS.
- Changed "w05sc" to "wei05sc" throughout for clarity
  (including data file in $TGCMDATA).
- Segregated nodynamo routines out of dynamo.F and into new source file
  nodynamo.F. This avoids confusion when editing dynamo code.
- Removed calls to ilink and sub ilink (util.F).
- Builds on SCD machine "gale" with ifort, but fails w/ seg fault on execution.
- Simplified Makefile template, with several changes to tgcm_config
- Replaced ZBOT,ZTOP with  ZIBOT,ZITOP,ZMBOT,ZMTOP in src/defs.h so
  it can be used without being written by tgcm_config
- Wenbin's fix for periodic points in sub glp (duv.F)

------------------------------------------------------------------------
r95 | foster | 2008-01-30 12:56:10 -0700 (Wed, 30 Jan 2008) | 2 lines

fox path to double-res source file in Mknamelist

------------------------------------------------------------------------
r94 | foster | 2008-01-30 11:27:34 -0700 (Wed, 30 Jan 2008) | 5 lines

Remake tiegcm1-82 tag with these changes (see README for details):
- Remove Ne minimum in elden.F, and change al(3) in qinite.F (maute)
- Wenbin values for cusp and drizzle in aurora.F
- Changed auroral parameters that are saved on the histories

------------------------------------------------------------------------
r93 | foster | 2008-01-11 16:15:45 -0700 (Fri, 11 Jan 2008) | 9 lines

Mods from tiegcm1-81 to 1-82:
- New aurora, see aurora.F and gpi.F (Liying and Wenbin)
- Electric field calculation moved to sub threed
- timegcm method for fft filtering
- Cosmetic changes to ssflux, soldata, sfmin (Liying)
- Changes to decmag (magfield.F), dipmin (cons.F),
  and rnu_ne (lamdas.F)
- Model runs at double-res at 60 sec timestep

------------------------------------------------------------------------
r91 | foster | 2007-11-26 14:31:09 -0700 (Mon, 26 Nov 2007) | 2 lines

eliminate redundant subs in mpi.F (mp_updateemphi, etc)

------------------------------------------------------------------------
r90 | foster | 2007-11-26 14:13:42 -0700 (Mon, 26 Nov 2007) | 2 lines

fix merge err in efield

------------------------------------------------------------------------
r89 | foster | 2007-11-26 14:04:30 -0700 (Mon, 26 Nov 2007) | 2 lines

cvs add new files in scripts

------------------------------------------------------------------------
r88 | foster | 2007-11-26 13:42:46 -0700 (Mon, 26 Nov 2007) | 14 lines

-- Highlights of changes to tiegcm1.8, toward tiegcm1.9 (97 km lbc):
-- New (CF-conforming) history file format:
   Distinguishes interfaces and midpoints with ilev,lev
   Includes interface lbc TLBC,ULBC,VLBC
   Includes ZG and ZMAG
   Removes old convention of lbc T,U,V in "top slot"
-- Sub addfld replaces addfsech for writing fields to secondary histories
   (all calls converted to addfld)
-- IGRF coefficients through 2010 (apex_subs.F)
-- Electric field calculation in efield.F for 1st timestep only,
   thereafter in sub threed (dynamo.F).
-- Most mods in tiegcm1.8/src/modsrc are *not* included
-- Updated scripts directory (new tgcm_config, job files, etc)

------------------------------------------------------------------------
r87 | foster | 2007-11-07 14:11:52 -0700 (Wed, 07 Nov 2007) | 2 lines

Update scripts/README

------------------------------------------------------------------------
r86 | foster | 2007-11-07 14:09:34 -0700 (Wed, 07 Nov 2007) | 2 lines

Set lib_netcdf to /usr/local/lib for AIX (it was /usr/local/lib32/r4i4, which does not exist on blueice)

------------------------------------------------------------------------
r85 | maute | 2007-10-25 14:56:56 -0600 (Thu, 25 Oct 2007) | 3 lines

10/25/07 am: using electric field calculated in the
  electrodynamo part for ion drift calculation

------------------------------------------------------------------------
r84 | foster | 2007-10-25 14:06:53 -0600 (Thu, 25 Oct 2007) | 2 lines

further modifications to scripts directory

------------------------------------------------------------------------
r83 | foster | 2007-10-25 10:18:15 -0600 (Thu, 25 Oct 2007) | 2 lines

Update README

------------------------------------------------------------------------
r82 | foster | 2007-10-25 10:16:01 -0600 (Thu, 25 Oct 2007) | 2 lines

Update from hao:/home/tgcm/tiegcm1.8/scripts

------------------------------------------------------------------------
r81 | foster | 2007-10-25 09:33:34 -0600 (Thu, 25 Oct 2007) | 2 lines

Resolve conflicts in src/README

------------------------------------------------------------------------
r80 | maute | 2007-10-23 13:33:39 -0600 (Tue, 23 Oct 2007) | 2 lines

dynamo.F correction

------------------------------------------------------------------------
r79 | maute | 2007-10-23 13:32:48 -0600 (Tue, 23 Oct 2007) | 2 lines

correction to the hemispherical adjustment of the high latitude electric potential

------------------------------------------------------------------------
r78 | foster | 2006-01-18 11:11:16 -0700 (Wed, 18 Jan 2006) | 2 lines

New apex data; fix oplus mgr bug; ref lev1 for tn lbc in comp.F

------------------------------------------------------------------------
r77 | foster | 2005-10-18 08:57:10 -0600 (Tue, 18 Oct 2005) | 4 lines

Updated apex_subs.F from Astrid -- this has new apex coefficients for 1995,
2000, 2005. Also improved sub expand_path (util.F) to expand env vars used
in file specs in namelist read. Modified files: README, apex_subs.F, util.F.

------------------------------------------------------------------------
r75 | foster | 2005-07-29 11:03:37 -0600 (Fri, 29 Jul 2005) | 2 lines

resolved cvs merge conflict in tgcm_config

------------------------------------------------------------------------
r74 | foster | 2005-07-29 10:33:49 -0600 (Fri, 29 Jul 2005) | 2 lines

astrid mods for new lamdas,qjoule; several minor fixes by foster (see README) in src and scripts

------------------------------------------------------------------------
r72 | maute | 2005-07-25 14:20:41 -0600 (Mon, 25 Jul 2005) | 2 lines

rewritten lamdas.F; correct Joule heating for ions qjoule.F; include vertical velocity difference for Joule heating calculation which goes into neutrals qjoule.F

------------------------------------------------------------------------
r71 | foster | 2005-07-21 09:03:31 -0600 (Thu, 21 Jul 2005) | 2 lines

New netcdf locations on lightning after OS upgrade last May

------------------------------------------------------------------------
r69 | foster | 2005-05-12 10:59:00 -0600 (Thu, 12 May 2005) | 2 lines

tiegcm1.8 tuning release, tag tiegcm1.8tune

------------------------------------------------------------------------
r68 | foster | 2005-05-05 16:22:39 -0600 (Thu, 05 May 2005) | 2 lines

tiegcm1.8 tuning release, tagged as tiegcm1-8tune

------------------------------------------------------------------------
r67 | foster | 2005-05-04 13:28:07 -0600 (Wed, 04 May 2005) | 2 lines

tiegcm1.8dev2 plus env vars for data file spec in namelist read. This model given to Ray for preliminary tuning

------------------------------------------------------------------------
r65 | foster | 2005-04-22 10:09:22 -0600 (Fri, 22 Apr 2005) | 2 lines

tag tiegcm1-8dev2: dynamo currents and high-latitude options, new EUV/qrj parameterization, Timed SEE data option, updated chemrates

------------------------------------------------------------------------
r63 | foster | 2005-04-07 10:43:04 -0600 (Thu, 07 Apr 2005) | 2 lines

added 3 new source files for tiegcm1-8dev1

------------------------------------------------------------------------
r62 | foster | 2005-04-07 10:17:14 -0600 (Thu, 07 Apr 2005) | 2 lines

update README

------------------------------------------------------------------------
r61 | foster | 2005-04-07 10:08:56 -0600 (Thu, 07 Apr 2005) | 2 lines

tiegcm1-7 plus maute dynamo, lqian euv/qrj and SEE data option, foster gswm, and msc

------------------------------------------------------------------------
r57 | foster | 2005-02-11 09:52:54 -0700 (Fri, 11 Feb 2005) | 2 lines

Tagged as tiegcm1-7; new timing module; runs on lightning; results equivalent to tiegcm1.6

------------------------------------------------------------------------
r55 | foster | 2005-02-02 11:45:07 -0700 (Wed, 02 Feb 2005) | 2 lines

new scripts and src directories

------------------------------------------------------------------------
r54 | foster | 2005-02-02 11:40:47 -0700 (Wed, 02 Feb 2005) | 2 lines

removed all files, to be replaced by dirs src and scripts

------------------------------------------------------------------------
r52 | foster | 2004-05-10 16:06:39 -0600 (Mon, 10 May 2004) | 2 lines

Added DISPOSE=2. Will retag tiegcm1-6.

------------------------------------------------------------------------
r51 | foster | 2004-05-10 11:53:15 -0600 (Mon, 10 May 2004) | 2 lines

Works on Linux with pgf90. Weimer NOT working. Force ZMAG to secondary histories. Tag 1-6.

------------------------------------------------------------------------
r50 | maute | 2004-04-02 15:20:07 -0700 (Fri, 02 Apr 2004) | 2 lines

test cvs with comment change

------------------------------------------------------------------------
r48 | foster | 2004-04-02 14:34:32 -0700 (Fri, 02 Apr 2004) | 2 lines

Added mods from /home/tgcm/tiegcm1/modsrc. This will be tag tiegcm1-5

------------------------------------------------------------------------
r45 | foster | 2004-04-02 14:04:27 -0700 (Fri, 02 Apr 2004) | 2 lines

Initial import of tiegcm1

------------------------------------------------------------------------
r44 | (no author) | 2004-04-02 14:04:27 -0700 (Fri, 02 Apr 2004) | 1 line

Standard project directories initialized by cvs2svn.
------------------------------------------------------------------------
